\BOOKMARK [1][-]{section.1}{1 Introduction}{}
\BOOKMARK [2][-]{subsection.1.1}{1.1 Motivation}{section.1}
\BOOKMARK [2][-]{subsection.1.2}{1.2 Method}{section.1}
\BOOKMARK [1][-]{section.2}{2 Efficiency of near-by muons}{}
\BOOKMARK [2][-]{subsection.2.1}{2.1 Trigger efficiency}{section.2}
\BOOKMARK [2][-]{subsection.2.2}{2.2 Reconstruction efficiency}{section.2}
\BOOKMARK [2][-]{subsection.2.3}{2.3 Measurement of efficiency within acceptance cuts}{section.2}
\BOOKMARK [1][-]{section.3}{3 Signal mass spectrum shape}{}
\BOOKMARK [1][-]{section.4}{4 Background mass spectrum shape}{}
\BOOKMARK [2][-]{subsection.4.1}{4.1 Study of low-mass dimuon spectrum}{section.4}
\BOOKMARK [2][-]{subsection.4.2}{4.2 Mass template for \(a-1\): high-pT dimuons}{section.4}
\BOOKMARK [2][-]{subsection.4.3}{4.3 Mass template for \(a-2\) and \(a-3\): high-multiplicity mu-jets}{section.4}
\BOOKMARK [2][-]{subsection.4.4}{4.4 Mass template for \(b-1\): events with two dimuons}{section.4}
\BOOKMARK [1][-]{section.5}{5 Fits of signal regions}{}
\BOOKMARK [2][-]{subsection.5.1}{5.1 Systematic undertainties}{section.5}
\BOOKMARK [2][-]{subsection.5.2}{5.2 Results}{section.5}
\BOOKMARK [2][-]{subsection.5.3}{5.3 Limits}{section.5}
\BOOKMARK [1][-]{section.6}{6 Cut-flow and limits on benchmark models}{}
\BOOKMARK [1][-]{section.7}{7 Conclusions}{}
\BOOKMARK [1][-]{appendix.A}{A Motivation for trigger choice}{}
